<?xml version="1.0" encoding="UTF-8"?>
<!-- Generated by org.testng.reporters.JUnitReportReporter -->
<testsuite hostname="Pranav" failures="0" tests="1" name="GroupExecutionClasses.MaheshBabu" time="3.628" errors="0" timestamp="2024-07-19T01:08:22 IST" skipped="0">
  <testcase classname="GroupExecutionClasses.MaheshBabu" name="launchingWikipedia" time="3.628"/>
  <system-out>
    <![CDATA[ExecutionScript2]]>
  </system-out>
</testsuite> <!-- GroupExecutionClasses.MaheshBabu -->
