<?xml version="1.0" encoding="UTF-8"?>
<!-- Generated by org.testng.reporters.JUnitReportReporter -->
<testsuite hostname="Pranav" failures="0" tests="6" name="TestNG.HelperAttributeOfTestAnnotation" time="72.166" errors="0" timestamp="2024-07-19T12:40:08 IST" skipped="0">
  <testcase classname="TestNG.HelperAttributeOfTestAnnotation" name="Bobber42" time="10.938"/>
  <system-out/>
  <testcase classname="TestNG.HelperAttributeOfTestAnnotation" name="Bobber42" time="10.232"/>
  <system-out/>
  <testcase classname="TestNG.HelperAttributeOfTestAnnotation" name="R15" time="20.530"/>
  <system-out/>
  <testcase classname="TestNG.HelperAttributeOfTestAnnotation" name="Bobber42" time="10.336"/>
  <system-out/>
  <testcase classname="TestNG.HelperAttributeOfTestAnnotation" name="HayaBusaSite" time="12.218"/>
  <system-out>
    <![CDATA[HayaBusa website launching]]>
  </system-out>
  <testcase classname="TestNG.HelperAttributeOfTestAnnotation" name="R15Site" time="7.912"/>
  <system-out/>
</testsuite> <!-- TestNG.HelperAttributeOfTestAnnotation -->
