<?xml version="1.0" encoding="UTF-8"?>
<!-- Generated by org.testng.reporters.JUnitReportReporter -->
<testsuite hostname="Pranav" failures="0" tests="1" name="GroupExecutionClasses.Yash" time="4.072" errors="0" timestamp="2024-07-19T01:19:07 IST" skipped="0">
  <testcase classname="GroupExecutionClasses.Yash" name="ExecutionScript5" time="4.072"/>
  <system-out>
    <![CDATA[ExecutionScript5]]>
  </system-out>
</testsuite> <!-- GroupExecutionClasses.Yash -->
