<?xml version="1.0" encoding="UTF-8"?>
<!-- Generated by org.testng.reporters.JUnitReportReporter -->
<testsuite hostname="Pranav" failures="0" tests="1" name="GroupExecutionClasses.AlluArjun" time="3.706" errors="0" timestamp="2024-07-19T01:04:28 IST" skipped="0">
  <testcase classname="GroupExecutionClasses.AlluArjun" name="launchingWikipedia" time="3.706"/>
  <system-out>
    <![CDATA[ExecutionScript1]]>
  </system-out>
</testsuite> <!-- GroupExecutionClasses.AlluArjun -->
