<?xml version="1.0" encoding="UTF-8"?>
<!-- Generated by org.testng.reporters.JUnitReportReporter -->
<testsuite hostname="Pranav" failures="0" tests="2" name="BatchExecution.EcommerseSites" time="7.754" errors="0" timestamp="2024-07-19T02:16:19 IST" skipped="0">
  <testcase classname="BatchExecution.EcommerseSites" name="meesho" time="3.118"/>
  <system-out>
    <![CDATA[meesho website launching]]>
  </system-out>
  <testcase classname="BatchExecution.EcommerseSites" name="amazon" time="4.636"/>
  <system-out>
    <![CDATA[amazon website launching]]>
  </system-out>
</testsuite> <!-- BatchExecution.EcommerseSites -->
