<?xml version="1.0" encoding="UTF-8"?>
<!-- Generated by org.testng.reporters.JUnitReportReporter -->
<testsuite hostname="Pranav" failures="0" tests="1" name="GroupExecutionClasses.VickyKaushal" time="3.120" errors="0" timestamp="2024-07-19T01:11:32 IST" skipped="0">
  <testcase classname="GroupExecutionClasses.VickyKaushal" name="ExecutionScript4" time="3.120"/>
  <system-out>
    <![CDATA[ExecutionScript4]]>
  </system-out>
</testsuite> <!-- GroupExecutionClasses.VickyKaushal -->
