<?xml version="1.0" encoding="UTF-8"?>
<!-- Generated by org.testng.reporters.JUnitReportReporter -->
<testsuite hostname="Pranav" failures="0" tests="1" name="BatchExecution.HayaBosa" time="4.933" errors="0" timestamp="2024-07-19T02:22:42 IST" skipped="0">
  <testcase classname="BatchExecution.HayaBosa" name="launchingHayaBusaSite" time="4.933"/>
  <system-out>
    <![CDATA[HayaBusa website launching]]>
  </system-out>
</testsuite> <!-- BatchExecution.HayaBosa -->
