<?xml version="1.0" encoding="UTF-8"?>
<!-- Generated by org.testng.reporters.JUnitReportReporter -->
<testsuite hostname="Pranav" failures="0" tests="1" name="GroupExecutionClasses.Vijay" time="4.015" errors="0" timestamp="2024-07-19T01:19:23 IST" skipped="0">
  <testcase classname="GroupExecutionClasses.Vijay" name="ExecutionScript3" time="4.015"/>
  <system-out>
    <![CDATA[ExecutionScript4]]>
  </system-out>
</testsuite> <!-- GroupExecutionClasses.Vijay -->
