<?xml version="1.0" encoding="UTF-8"?>
<!-- Generated by org.testng.reporters.JUnitReportReporter -->
<testsuite hostname="Pranav" failures="0" tests="2" name="TestScript.TestScript001" time="0.013" errors="0" timestamp="2024-07-16T16:07:48 IST" skipped="0">
  <testcase classname="TestScript.TestScript001" name="executeScript2" time="0.003"/>
  <system-out>
    <![CDATA[ExecuteScript2]]>
  </system-out>
  <testcase classname="TestScript.TestScript001" name="executeScript1" time="0.010"/>
  <system-out>
    <![CDATA[ExecuteScript1]]>
  </system-out>
</testsuite> <!-- TestScript.TestScript001 -->
