<?xml version="1.0" encoding="UTF-8"?>
<!-- Generated by org.testng.reporters.JUnitReportReporter -->
<testsuite hostname="Pranav" failures="0" tests="1" name="BatchExecution.R15" time="7.386" errors="0" timestamp="2024-07-19T02:25:05 IST" skipped="0">
  <testcase classname="BatchExecution.R15" name="R15Site" time="7.386"/>
  <system-out>
    <![CDATA[R15 website launching]]>
  </system-out>
</testsuite> <!-- BatchExecution.R15 -->
