<?xml version="1.0" encoding="UTF-8"?>
<!-- Generated by org.testng.reporters.JUnitReportReporter -->
<testsuite hostname="Pranav" failures="0" tests="1" name="TestNG.BMW" time="7.601" errors="0" timestamp="2024-07-17T12:27:33 IST" skipped="0">
  <testcase classname="TestNG.BMW" name="bmw" time="7.601"/>
  <system-out/>
</testsuite> <!-- TestNG.BMW -->
