<?xml version="1.0" encoding="UTF-8"?>
<!-- Generated by org.testng.reporters.JUnitReportReporter -->
<testsuite hostname="Pranav" failures="0" tests="3" name="GenericUnits.RegisterUsingDataProvider" time="30.872" errors="0" timestamp="2024-07-22T15:24:08 IST" skipped="0">
  <testcase classname="GenericUnits.RegisterUsingDataProvider" name="test" time="12.908"/>
  <system-out/>
  <testcase classname="GenericUnits.RegisterUsingDataProvider" name="test" time="9.149"/>
  <system-out/>
  <testcase classname="GenericUnits.RegisterUsingDataProvider" name="test" time="8.815"/>
  <system-out/>
</testsuite> <!-- GenericUnits.RegisterUsingDataProvider -->
