<?xml version="1.0" encoding="UTF-8"?>
<!-- Generated by org.testng.reporters.JUnitReportReporter -->
<testsuite hostname="Pranav" failures="0" tests="1" name="BatchExecution.Flipkart" time="4.817" errors="0" timestamp="2024-07-19T02:19:02 IST" skipped="0">
  <testcase classname="BatchExecution.Flipkart" name="flipkart" time="4.817"/>
  <system-out>
    <![CDATA[flipkart website launching]]>
  </system-out>
</testsuite> <!-- BatchExecution.Flipkart -->
