<?xml version="1.0" encoding="UTF-8"?>
<!-- Generated by org.testng.reporters.JUnitReportReporter -->
<testsuite hostname="Pranav" failures="0" tests="1" name="BatchExecution.Bobber45" time="5.988" errors="0" timestamp="2024-07-19T02:17:01 IST" skipped="0">
  <testcase classname="BatchExecution.Bobber45" name="Jawa350" time="5.988"/>
  <system-out>
    <![CDATA[Jawa350 website launching]]>
  </system-out>
</testsuite> <!-- BatchExecution.Bobber45 -->
