<?xml version="1.0" encoding="UTF-8"?>
<!-- Generated by org.testng.reporters.JUnitReportReporter -->
<testsuite hostname="Pranav" failures="0" tests="1" name="TestScript.TestScript002" time="0.011" errors="0" timestamp="2024-07-17T12:07:01 IST" skipped="0">
  <testcase classname="TestScript.TestScript002" name="executeScript2" time="0.011"/>
  <system-out>
    <![CDATA[ExecuteScript2]]>
  </system-out>
</testsuite> <!-- TestScript.TestScript002 -->
