<?xml version="1.0" encoding="UTF-8"?>
<!-- Generated by org.testng.reporters.JUnitReportReporter -->
<testsuite hostname="Pranav" failures="0" tests="2" name="Reporter.TestScript002" time="0.094" errors="0" timestamp="2024-07-17T12:07:56 IST" skipped="0">
  <testcase classname="Reporter.TestScript002" name="executeScript1" time="0.089"/>
  <system-out>
    <![CDATA[ExecuteScript1]]>
  </system-out>
  <testcase classname="Reporter.TestScript002" name="executeScript2" time="0.005"/>
  <system-out>
    <![CDATA[ExecuteScript2]]>
  </system-out>
</testsuite> <!-- Reporter.TestScript002 -->
